{"/Users/jamestang/Desktop/untitled folder/coding/code test /static-content-test-/index.js":{"path":"/Users/jamestang/Desktop/untitled folder/coding/code test /static-content-test-/index.js","s":{"1":1,"2":1,"3":1,"4":1,"5":1,"6":1,"7":0,"8":0,"9":0,"10":0,"11":1,"12":0,"13":0,"14":0,"15":0,"16":1,"17":0,"18":0,"19":0,"20":0,"21":1,"22":0},"b":{"1":[0,0],"2":[0,0],"3":[0,0]},"f":{"1":0,"2":0,"3":0,"4":0,"5":0,"6":0},"fnMap":{"1":{"name":"(anonymous_1)","line":8,"loc":{"start":{"line":8,"column":19},"end":{"line":8,"column":38}}},"2":{"name":"(anonymous_2)","line":9,"loc":{"start":{"line":9,"column":54},"end":{"line":9,"column":74}}},"3":{"name":"(anonymous_3)","line":15,"loc":{"start":{"line":15,"column":23},"end":{"line":15,"column":42}}},"4":{"name":"(anonymous_4)","line":16,"loc":{"start":{"line":16,"column":58},"end":{"line":16,"column":78}}},"5":{"name":"(anonymous_5)","line":22,"loc":{"start":{"line":22,"column":17},"end":{"line":22,"column":36}}},"6":{"name":"(anonymous_6)","line":23,"loc":{"start":{"line":23,"column":52},"end":{"line":23,"column":72}}}},"statementMap":{"1":{"start":{"line":1,"column":0},"end":{"line":1,"column":35}},"2":{"start":{"line":2,"column":0},"end":{"line":2,"column":26}},"3":{"start":{"line":3,"column":0},"end":{"line":3,"column":30}},"4":{"start":{"line":5,"column":0},"end":{"line":5,"column":39}},"5":{"start":{"line":6,"column":0},"end":{"line":6,"column":30}},"6":{"start":{"line":8,"column":0},"end":{"line":13,"column":3}},"7":{"start":{"line":9,"column":2},"end":{"line":12,"column":5}},"8":{"start":{"line":10,"column":4},"end":{"line":10,"column":23}},"9":{"start":{"line":10,"column":13},"end":{"line":10,"column":23}},"10":{"start":{"line":11,"column":4},"end":{"line":11,"column":46}},"11":{"start":{"line":15,"column":0},"end":{"line":20,"column":3}},"12":{"start":{"line":16,"column":2},"end":{"line":19,"column":5}},"13":{"start":{"line":17,"column":4},"end":{"line":17,"column":23}},"14":{"start":{"line":17,"column":13},"end":{"line":17,"column":23}},"15":{"start":{"line":18,"column":4},"end":{"line":18,"column":46}},"16":{"start":{"line":22,"column":0},"end":{"line":27,"column":3}},"17":{"start":{"line":23,"column":2},"end":{"line":26,"column":5}},"18":{"start":{"line":24,"column":4},"end":{"line":24,"column":23}},"19":{"start":{"line":24,"column":13},"end":{"line":24,"column":23}},"20":{"start":{"line":25,"column":4},"end":{"line":25,"column":46}},"21":{"start":{"line":29,"column":0},"end":{"line":29,"column":65}},"22":{"start":{"line":29,"column":23},"end":{"line":29,"column":63}}},"branchMap":{"1":{"line":10,"type":"if","locations":[{"start":{"line":10,"column":4},"end":{"line":10,"column":4}},{"start":{"line":10,"column":4},"end":{"line":10,"column":4}}]},"2":{"line":17,"type":"if","locations":[{"start":{"line":17,"column":4},"end":{"line":17,"column":4}},{"start":{"line":17,"column":4},"end":{"line":17,"column":4}}]},"3":{"line":24,"type":"if","locations":[{"start":{"line":24,"column":4},"end":{"line":24,"column":4}},{"start":{"line":24,"column":4},"end":{"line":24,"column":4}}]}}}}