{"/Users/jamestang/Desktop/untitled folder/coding/code test /static-content-test-/index.js":{"path":"/Users/jamestang/Desktop/untitled folder/coding/code test /static-content-test-/index.js","s":{"1":1,"2":1,"3":1,"4":1,"5":1,"6":1,"7":1,"8":1,"9":0,"10":0,"11":0,"12":0,"13":0,"14":1,"15":0,"16":0,"17":0,"18":0,"19":0,"20":1,"21":0,"22":0,"23":0,"24":0,"25":0,"26":1,"27":0},"b":{"1":[0,0],"2":[0,0],"3":[0,0]},"f":{"1":0,"2":0,"3":0,"4":0,"5":0,"6":0},"fnMap":{"1":{"name":"(anonymous_1)","line":10,"loc":{"start":{"line":10,"column":19},"end":{"line":10,"column":38}}},"2":{"name":"(anonymous_2)","line":11,"loc":{"start":{"line":11,"column":64},"end":{"line":11,"column":84}}},"3":{"name":"(anonymous_3)","line":18,"loc":{"start":{"line":18,"column":23},"end":{"line":18,"column":42}}},"4":{"name":"(anonymous_4)","line":19,"loc":{"start":{"line":19,"column":68},"end":{"line":19,"column":88}}},"5":{"name":"(anonymous_5)","line":26,"loc":{"start":{"line":26,"column":17},"end":{"line":26,"column":36}}},"6":{"name":"(anonymous_6)","line":27,"loc":{"start":{"line":27,"column":61},"end":{"line":27,"column":81}}}},"statementMap":{"1":{"start":{"line":1,"column":0},"end":{"line":1,"column":37}},"2":{"start":{"line":2,"column":0},"end":{"line":2,"column":28}},"3":{"start":{"line":3,"column":0},"end":{"line":3,"column":32}},"4":{"start":{"line":4,"column":0},"end":{"line":4,"column":38}},"5":{"start":{"line":5,"column":0},"end":{"line":5,"column":43}},"6":{"start":{"line":7,"column":0},"end":{"line":7,"column":39}},"7":{"start":{"line":8,"column":0},"end":{"line":8,"column":30}},"8":{"start":{"line":10,"column":0},"end":{"line":16,"column":3}},"9":{"start":{"line":11,"column":2},"end":{"line":15,"column":5}},"10":{"start":{"line":12,"column":4},"end":{"line":12,"column":74}},"11":{"start":{"line":13,"column":4},"end":{"line":13,"column":23}},"12":{"start":{"line":13,"column":13},"end":{"line":13,"column":23}},"13":{"start":{"line":14,"column":4},"end":{"line":14,"column":50}},"14":{"start":{"line":18,"column":0},"end":{"line":24,"column":3}},"15":{"start":{"line":19,"column":2},"end":{"line":23,"column":5}},"16":{"start":{"line":20,"column":4},"end":{"line":20,"column":74}},"17":{"start":{"line":21,"column":4},"end":{"line":21,"column":23}},"18":{"start":{"line":21,"column":13},"end":{"line":21,"column":23}},"19":{"start":{"line":22,"column":4},"end":{"line":22,"column":50}},"20":{"start":{"line":26,"column":0},"end":{"line":32,"column":3}},"21":{"start":{"line":27,"column":2},"end":{"line":31,"column":5}},"22":{"start":{"line":28,"column":4},"end":{"line":28,"column":74}},"23":{"start":{"line":29,"column":4},"end":{"line":29,"column":23}},"24":{"start":{"line":29,"column":13},"end":{"line":29,"column":23}},"25":{"start":{"line":30,"column":4},"end":{"line":30,"column":50}},"26":{"start":{"line":34,"column":0},"end":{"line":34,"column":65}},"27":{"start":{"line":34,"column":23},"end":{"line":34,"column":63}}},"branchMap":{"1":{"line":13,"type":"if","locations":[{"start":{"line":13,"column":4},"end":{"line":13,"column":4}},{"start":{"line":13,"column":4},"end":{"line":13,"column":4}}]},"2":{"line":21,"type":"if","locations":[{"start":{"line":21,"column":4},"end":{"line":21,"column":4}},{"start":{"line":21,"column":4},"end":{"line":21,"column":4}}]},"3":{"line":29,"type":"if","locations":[{"start":{"line":29,"column":4},"end":{"line":29,"column":4}},{"start":{"line":29,"column":4},"end":{"line":29,"column":4}}]}}}}